<?xml version="1.0" encoding="UTF-8"?>
<testsuite xmlns:xsi="http://www.w3.org/2001/XMLSchema-instance" xsi:noNamespaceSchemaLocation="https://maven.apache.org/surefire/maven-surefire-plugin/xsd/surefire-test-report.xsd" version="3.0.1" name="com.alechenninger.parsec.AppTest" time="9.721" tests="2" errors="0" skipped="0" failures="0">
  <properties>
[...]
</properties>
  <testcase name="testAgeInfoMapperIsLoadedAndAvailable" classname="com.alechenninger.parsec.AppTest" time="0.722">
    <system-out><![CDATA[✓ AgeInfoMapper successfully loaded in Keycloak container
  Provider ID: oidc-acme-ageinfo-mapper
  Provider Details: org.keycloak.representations.info.ProviderRepresentation@7b3cde6f
]]></system-out>
    <system-err><![CDATA[Oct 14, 2025 4:01:54 PM org.jboss.logmanager.JBossLoggerFinder getLogger
ERROR: The LogManager accessed before the "java.util.logging.manager" system property was set to "org.jboss.logmanager.LogManager". Results may be unexpected.
]]></system-err>
  </testcase>
  <testcase name="testAgeInfoMapperCanBeAddedToClient" classname="com.alechenninger.parsec.AppTest" time="0.239">
    <system-out><![CDATA[✓ AgeInfoMapper successfully added to client configuration
  Client: admin-cli
  Mapper Name: test-age-info-mapper
]]></system-out>
  </testcase>
</testsuite>